<?xml version="1.0" encoding="UTF-8"?>
<!-- Generated by org.testng.reporters.JUnitReportReporter -->
<testsuite hostname="DESKTOP-JNRQQQ8" failures="0" tests="1" name="getRequest.GetData" time="1.721" errors="0" timestamp="19 May 2019 04:47:27 GMT" skipped="0">
  <testcase classname="getRequest.GetData" name="testbody" time="1.721"/>
</testsuite> <!-- getRequest.GetData -->
