<?xml version="1.0" encoding="UTF-8"?>
<!-- Generated by org.testng.reporters.JUnitReportReporter -->
<testsuite hostname="DESKTOP-JNRQQQ8" failures="0" tests="2" name="getRequest.GetData2" time="2.206" errors="0" timestamp="17 May 2019 19:01:32 GMT" skipped="0">
  <testcase classname="getRequest.GetData2" name="testResponsecode" time="1.622"/>
  <testcase classname="getRequest.GetData2" name="testbody" time="0.584"/>
</testsuite> <!-- getRequest.GetData2 -->
