<?xml version="1.0" encoding="UTF-8"?>
<!-- Generated by org.testng.reporters.JUnitReportReporter -->
<testsuite hostname="DESKTOP-JNRQQQ8" failures="0" tests="1" name="com.qa.rest.tests.GetCallBDD" time="2.463" errors="0" timestamp="19 May 2019 04:46:39 GMT" skipped="0">
  <testcase classname="com.qa.rest.tests.GetCallBDD" name="test_numOfCircuitsFor2019_season" time="2.463"/>
</testsuite> <!-- com.qa.rest.tests.GetCallBDD -->
